{"C:\\DATA\\projects\\sunny-apis\\src\\common\\ERROR.ts": {"path":"C:\\DATA\\projects\\sunny-apis\\src\\common\\ERROR.ts","statementMap":{"0":{"start":{"line":1,"column":0},"end":{"line":1,"column":null}},"1":{"start":{"line":2,"column":2},"end":{"line":2,"column":null}},"2":{"start":{"line":3,"column":2},"end":{"line":3,"column":null}},"3":{"start":{"line":4,"column":2},"end":{"line":4,"column":null}},"4":{"start":{"line":5,"column":2},"end":{"line":5,"column":null}},"5":{"start":{"line":6,"column":2},"end":{"line":6,"column":null}},"6":{"start":{"line":7,"column":2},"end":{"line":7,"column":null}},"7":{"start":{"line":8,"column":2},"end":{"line":8,"column":null}},"8":{"start":{"line":9,"column":2},"end":{"line":9,"column":null}},"9":{"start":{"line":10,"column":2},"end":{"line":10,"column":null}},"10":{"start":{"line":11,"column":2},"end":{"line":11,"column":null}},"11":{"start":{"line":12,"column":2},"end":{"line":12,"column":null}},"12":{"start":{"line":13,"column":2},"end":{"line":13,"column":null}},"13":{"start":{"line":14,"column":2},"end":{"line":14,"column":null}}},"fnMap":{"0":{"name":"(anonymous_0)","decl":{"start":{"line":1,"column":0},"end":{"line":1,"column":12}},"loc":{"start":{"line":1,"column":18},"end":{"line":15,"column":1}}}},"branchMap":{"0":{"loc":{"start":{"line":1,"column":12},"end":{"line":1,"column":null}},"type":"binary-expr","locations":[{"start":{"line":1,"column":12},"end":{"line":1,"column":18}},{"start":{"line":1,"column":18},"end":{"line":1,"column":null}}]}},"s":{"0":3,"1":3,"2":3,"3":3,"4":3,"5":3,"6":3,"7":3,"8":3,"9":3,"10":3,"11":3,"12":3,"13":3},"f":{"0":3},"b":{"0":[3,3]}}
,"C:\\DATA\\projects\\sunny-apis\\src\\common\\logger.ts": {"path":"C:\\DATA\\projects\\sunny-apis\\src\\common\\logger.ts","statementMap":{"0":{"start":{"line":2,"column":0},"end":{"line":2,"column":35}},"1":{"start":{"line":3,"column":0},"end":{"line":3,"column":59}},"2":{"start":{"line":17,"column":15},"end":{"line":28,"column":2}},"3":{"start":{"line":55,"column":9},"end":{"line":55,"column":15}}},"fnMap":{},"branchMap":{},"s":{"0":6,"1":6,"2":6,"3":6},"f":{},"b":{}}
,"C:\\DATA\\projects\\sunny-apis\\src\\graphql\\guard\\userRole.ts": {"path":"C:\\DATA\\projects\\sunny-apis\\src\\graphql\\guard\\userRole.ts","statementMap":{"0":{"start":{"line":2,"column":0},"end":{"line":2,"column":null}},"1":{"start":{"line":3,"column":2},"end":{"line":3,"column":null}},"2":{"start":{"line":4,"column":2},"end":{"line":4,"column":null}},"3":{"start":{"line":5,"column":2},"end":{"line":5,"column":null}}},"fnMap":{"0":{"name":"(anonymous_0)","decl":{"start":{"line":2,"column":0},"end":{"line":2,"column":12}},"loc":{"start":{"line":2,"column":21},"end":{"line":6,"column":1}}}},"branchMap":{"0":{"loc":{"start":{"line":2,"column":12},"end":{"line":2,"column":null}},"type":"binary-expr","locations":[{"start":{"line":2,"column":12},"end":{"line":2,"column":21}},{"start":{"line":2,"column":21},"end":{"line":2,"column":null}}]}},"s":{"0":5,"1":5,"2":5,"3":5},"f":{"0":5},"b":{"0":[5,5]}}
,"C:\\DATA\\projects\\sunny-apis\\src\\services\\db\\fake\\mock\\user.ropo.ts": {"path":"C:\\DATA\\projects\\sunny-apis\\src\\services\\db\\fake\\mock\\user.ropo.ts","statementMap":{"0":{"start":{"line":3,"column":0},"end":{"line":3,"column":63}},"1":{"start":{"line":5,"column":13},"end":{"line":16,"column":2}}},"fnMap":{},"branchMap":{},"s":{"0":1,"1":1},"f":{},"b":{}}
,"C:\\DATA\\projects\\sunny-apis\\src\\services\\password\\password.service.real.ts": {"path":"C:\\DATA\\projects\\sunny-apis\\src\\services\\password\\password.service.real.ts","statementMap":{"0":{"start":{"line":7,"column":23},"end":{"line":7,"column":50}},"1":{"start":{"line":8,"column":23},"end":{"line":8,"column":49}},"2":{"start":{"line":9,"column":20},"end":{"line":9,"column":32}},"3":{"start":{"line":10,"column":30},"end":{"line":10,"column":45}},"4":{"start":{"line":12,"column":4},"end":{"line":16,"column":5}},"5":{"start":{"line":13,"column":6},"end":{"line":13,"column":66}},"6":{"start":{"line":15,"column":6},"end":{"line":15,"column":46}},"7":{"start":{"line":17,"column":17},"end":{"line":17,"column":19}},"8":{"start":{"line":18,"column":4},"end":{"line":21,"column":5}},"9":{"start":{"line":18,"column":17},"end":{"line":18,"column":18}},"10":{"start":{"line":19,"column":23},"end":{"line":19,"column":61}},"11":{"start":{"line":20,"column":6},"end":{"line":20,"column":40}},"12":{"start":{"line":23,"column":4},"end":{"line":23,"column":18}},"13":{"start":{"line":5,"column":0},"end":{"line":5,"column":13}}},"fnMap":{"0":{"name":"(anonymous_0)","decl":{"start":{"line":6,"column":2},"end":{"line":6,"column":10}},"loc":{"start":{"line":6,"column":42},"end":{"line":24,"column":3}}}},"branchMap":{"0":{"loc":{"start":{"line":12,"column":4},"end":{"line":16,"column":5}},"type":"if","locations":[{"start":{"line":12,"column":4},"end":{"line":16,"column":5}},{"start":{"line":14,"column":11},"end":{"line":16,"column":5}}]}},"s":{"0":2,"1":2,"2":2,"3":2,"4":2,"5":1,"6":1,"7":2,"8":2,"9":2,"10":20,"11":20,"12":2,"13":1},"f":{"0":2},"b":{"0":[1,1]}}
,"C:\\DATA\\projects\\sunny-apis\\src\\usecases\\auth\\auth.usecase.ts": {"path":"C:\\DATA\\projects\\sunny-apis\\src\\usecases\\auth\\auth.usecase.ts","statementMap":{"0":{"start":{"line":10,"column":4},"end":{"line":10,"column":31}},"1":{"start":{"line":14,"column":35},"end":{"line":16,"column":6}},"2":{"start":{"line":18,"column":26},"end":{"line":20,"column":6}},"3":{"start":{"line":22,"column":4},"end":{"line":34,"column":5}},"4":{"start":{"line":23,"column":6},"end":{"line":31,"column":8}},"5":{"start":{"line":33,"column":6},"end":{"line":33,"column":18}},"6":{"start":{"line":6,"column":0},"end":{"line":6,"column":13}}},"fnMap":{"0":{"name":"(anonymous_0)","decl":{"start":{"line":9,"column":2},"end":{"line":9,"column":14}},"loc":{"start":{"line":9,"column":28},"end":{"line":11,"column":3}}},"1":{"name":"(anonymous_1)","decl":{"start":{"line":13,"column":2},"end":{"line":13,"column":7}},"loc":{"start":{"line":13,"column":35},"end":{"line":35,"column":3}}}},"branchMap":{"0":{"loc":{"start":{"line":22,"column":4},"end":{"line":34,"column":5}},"type":"if","locations":[{"start":{"line":22,"column":4},"end":{"line":34,"column":5}},{"start":{"line":32,"column":11},"end":{"line":34,"column":5}}]},"1":{"loc":{"start":{"line":22,"column":8},"end":{"line":22,"column":62}},"type":"binary-expr","locations":[{"start":{"line":22,"column":8},"end":{"line":22,"column":12}},{"start":{"line":22,"column":16},"end":{"line":22,"column":47}},{"start":{"line":22,"column":51},"end":{"line":22,"column":62}}]}},"s":{"0":1,"1":2,"2":2,"3":2,"4":1,"5":1,"6":1},"f":{"0":1,"1":2},"b":{"0":[1,1],"1":[2,2,1]}}
,"C:\\DATA\\projects\\sunny-apis\\src\\usecases\\auth\\passkey.auth.usecase.ts": {"path":"C:\\DATA\\projects\\sunny-apis\\src\\usecases\\auth\\passkey.auth.usecase.ts","statementMap":{"0":{"start":{"line":2,"column":0},"end":{"line":2,"column":44}},"1":{"start":{"line":11,"column":4},"end":{"line":11,"column":31}},"2":{"start":{"line":15,"column":4},"end":{"line":48,"column":5}},"3":{"start":{"line":17,"column":37},"end":{"line":19,"column":8}},"4":{"start":{"line":21,"column":22},"end":{"line":23,"column":8}},"5":{"start":{"line":33,"column":35},"end":{"line":33,"column":165}},"6":{"start":{"line":36,"column":6},"end":{"line":44,"column":8}},"7":{"start":{"line":46,"column":6},"end":{"line":46,"column":79}},"8":{"start":{"line":47,"column":6},"end":{"line":47,"column":56}},"9":{"start":{"line":7,"column":0},"end":{"line":7,"column":13}}},"fnMap":{"0":{"name":"(anonymous_0)","decl":{"start":{"line":10,"column":2},"end":{"line":10,"column":14}},"loc":{"start":{"line":10,"column":28},"end":{"line":12,"column":3}}},"1":{"name":"(anonymous_1)","decl":{"start":{"line":14,"column":2},"end":{"line":14,"column":7}},"loc":{"start":{"line":14,"column":42},"end":{"line":49,"column":3}}}},"branchMap":{},"s":{"0":1,"1":1,"2":2,"3":2,"4":1,"5":1,"6":1,"7":1,"8":1,"9":1},"f":{"0":1,"1":2},"b":{}}
,"C:\\DATA\\projects\\sunny-apis\\src\\usecases\\user\\create.user.usecase.ts": {"path":"C:\\DATA\\projects\\sunny-apis\\src\\usecases\\user\\create.user.usecase.ts","statementMap":{"0":{"start":{"line":2,"column":0},"end":{"line":2,"column":44}},"1":{"start":{"line":11,"column":4},"end":{"line":11,"column":31}},"2":{"start":{"line":16,"column":4},"end":{"line":20,"column":18}},"3":{"start":{"line":17,"column":6},"end":{"line":19,"column":9}},"4":{"start":{"line":22,"column":4},"end":{"line":24,"column":5}},"5":{"start":{"line":23,"column":6},"end":{"line":23,"column":69}},"6":{"start":{"line":26,"column":4},"end":{"line":38,"column":7}},"7":{"start":{"line":40,"column":4},"end":{"line":42,"column":7}},"8":{"start":{"line":43,"column":4},"end":{"line":43,"column":59}},"9":{"start":{"line":44,"column":4},"end":{"line":44,"column":16}},"10":{"start":{"line":7,"column":0},"end":{"line":7,"column":13}}},"fnMap":{"0":{"name":"(anonymous_0)","decl":{"start":{"line":10,"column":2},"end":{"line":10,"column":14}},"loc":{"start":{"line":10,"column":28},"end":{"line":12,"column":3}}},"1":{"name":"(anonymous_1)","decl":{"start":{"line":14,"column":2},"end":{"line":14,"column":7}},"loc":{"start":{"line":14,"column":41},"end":{"line":45,"column":3}}}},"branchMap":{"0":{"loc":{"start":{"line":22,"column":4},"end":{"line":24,"column":5}},"type":"if","locations":[{"start":{"line":22,"column":4},"end":{"line":24,"column":5}}]}},"s":{"0":1,"1":1,"2":2,"3":2,"4":2,"5":1,"6":1,"7":1,"8":1,"9":1,"10":1},"f":{"0":1,"1":2},"b":{"0":[1]}}
,"C:\\DATA\\projects\\sunny-apis\\src\\usecases\\user\\get.user.usecase.ts": {"path":"C:\\DATA\\projects\\sunny-apis\\src\\usecases\\user\\get.user.usecase.ts","statementMap":{"0":{"start":{"line":2,"column":0},"end":{"line":2,"column":44}},"1":{"start":{"line":11,"column":4},"end":{"line":11,"column":31}},"2":{"start":{"line":15,"column":32},"end":{"line":15,"column":76}},"3":{"start":{"line":17,"column":4},"end":{"line":19,"column":5}},"4":{"start":{"line":18,"column":6},"end":{"line":18,"column":62}},"5":{"start":{"line":21,"column":4},"end":{"line":21,"column":18}},"6":{"start":{"line":7,"column":0},"end":{"line":7,"column":13}}},"fnMap":{"0":{"name":"(anonymous_0)","decl":{"start":{"line":10,"column":2},"end":{"line":10,"column":14}},"loc":{"start":{"line":10,"column":28},"end":{"line":12,"column":3}}},"1":{"name":"(anonymous_1)","decl":{"start":{"line":14,"column":2},"end":{"line":14,"column":7}},"loc":{"start":{"line":14,"column":38},"end":{"line":22,"column":3}}}},"branchMap":{"0":{"loc":{"start":{"line":17,"column":4},"end":{"line":19,"column":5}},"type":"if","locations":[{"start":{"line":17,"column":4},"end":{"line":19,"column":5}}]}},"s":{"0":1,"1":1,"2":2,"3":2,"4":1,"5":1,"6":1},"f":{"0":1,"1":2},"b":{"0":[1]}}
,"C:\\DATA\\projects\\sunny-apis\\src\\usecases\\user\\get_all.user.usecase.ts": {"path":"C:\\DATA\\projects\\sunny-apis\\src\\usecases\\user\\get_all.user.usecase.ts","statementMap":{"0":{"start":{"line":8,"column":4},"end":{"line":8,"column":31}},"1":{"start":{"line":12,"column":4},"end":{"line":12,"column":56}},"2":{"start":{"line":4,"column":0},"end":{"line":4,"column":13}}},"fnMap":{"0":{"name":"(anonymous_0)","decl":{"start":{"line":7,"column":2},"end":{"line":7,"column":14}},"loc":{"start":{"line":7,"column":28},"end":{"line":9,"column":3}}},"1":{"name":"(anonymous_1)","decl":{"start":{"line":11,"column":2},"end":{"line":11,"column":7}},"loc":{"start":{"line":11,"column":15},"end":{"line":13,"column":3}}}},"branchMap":{},"s":{"0":1,"1":1,"2":1},"f":{"0":1,"1":1},"b":{}}
}
