TN:
SF:src\common\ERROR.ts
FN:1,(anonymous_0)
FNF:1
FNH:1
FNDA:3,(anonymous_0)
DA:1,3
DA:2,3
DA:3,3
DA:4,3
DA:5,3
DA:6,3
DA:7,3
DA:8,3
DA:9,3
DA:10,3
DA:11,3
DA:12,3
DA:13,3
DA:14,3
LF:14
LH:14
BRDA:1,0,0,3
BRDA:1,0,1,3
BRF:2
BRH:2
end_of_record
TN:
SF:src\common\logger.ts
FNF:0
FNH:0
DA:2,6
DA:3,6
DA:17,6
DA:55,6
LF:4
LH:4
BRF:0
BRH:0
end_of_record
TN:
SF:src\graphql\guard\userRole.ts
FN:2,(anonymous_0)
FNF:1
FNH:1
FNDA:5,(anonymous_0)
DA:2,5
DA:3,5
DA:4,5
DA:5,5
LF:4
LH:4
BRDA:2,0,0,5
BRDA:2,0,1,5
BRF:2
BRH:2
end_of_record
TN:
SF:src\services\db\fake\mock\user.ropo.ts
FNF:0
FNH:0
DA:3,1
DA:5,1
LF:2
LH:2
BRF:0
BRH:0
end_of_record
TN:
SF:src\services\password\password.service.real.ts
FN:6,(anonymous_0)
FNF:1
FNH:1
FNDA:2,(anonymous_0)
DA:5,1
DA:7,2
DA:8,2
DA:9,2
DA:10,2
DA:12,2
DA:13,1
DA:15,1
DA:17,2
DA:18,2
DA:19,20
DA:20,20
DA:23,2
LF:13
LH:13
BRDA:12,0,0,1
BRDA:12,0,1,1
BRF:2
BRH:2
end_of_record
TN:
SF:src\usecases\auth\auth.usecase.ts
FN:9,(anonymous_0)
FN:13,(anonymous_1)
FNF:2
FNH:2
FNDA:1,(anonymous_0)
FNDA:2,(anonymous_1)
DA:6,1
DA:10,1
DA:14,2
DA:18,2
DA:22,2
DA:23,1
DA:33,1
LF:7
LH:7
BRDA:22,0,0,1
BRDA:22,0,1,1
BRDA:22,1,0,2
BRDA:22,1,1,2
BRDA:22,1,2,1
BRF:5
BRH:5
end_of_record
TN:
SF:src\usecases\auth\passkey.auth.usecase.ts
FN:10,(anonymous_0)
FN:14,(anonymous_1)
FNF:2
FNH:2
FNDA:1,(anonymous_0)
FNDA:2,(anonymous_1)
DA:2,1
DA:7,1
DA:11,1
DA:15,2
DA:17,2
DA:21,1
DA:33,1
DA:36,1
DA:46,1
DA:47,1
LF:10
LH:10
BRF:0
BRH:0
end_of_record
TN:
SF:src\usecases\user\create.user.usecase.ts
FN:10,(anonymous_0)
FN:14,(anonymous_1)
FNF:2
FNH:2
FNDA:1,(anonymous_0)
FNDA:2,(anonymous_1)
DA:2,1
DA:7,1
DA:11,1
DA:16,2
DA:17,2
DA:22,2
DA:23,1
DA:26,1
DA:40,1
DA:43,1
DA:44,1
LF:11
LH:11
BRDA:22,0,0,1
BRF:1
BRH:1
end_of_record
TN:
SF:src\usecases\user\get.user.usecase.ts
FN:10,(anonymous_0)
FN:14,(anonymous_1)
FNF:2
FNH:2
FNDA:1,(anonymous_0)
FNDA:2,(anonymous_1)
DA:2,1
DA:7,1
DA:11,1
DA:15,2
DA:17,2
DA:18,1
DA:21,1
LF:7
LH:7
BRDA:17,0,0,1
BRF:1
BRH:1
end_of_record
TN:
SF:src\usecases\user\get_all.user.usecase.ts
FN:7,(anonymous_0)
FN:11,(anonymous_1)
FNF:2
FNH:2
FNDA:1,(anonymous_0)
FNDA:1,(anonymous_1)
DA:4,1
DA:8,1
DA:12,1
LF:3
LH:3
BRF:0
BRH:0
end_of_record
